<?xml version="1.0" encoding="UTF-8"?>
<!-- Generated by org.testng.reporters.JUnitXMLReporter -->
<testsuite ignored="0" hostname="LAPTOP-I2MVIV59" failures="1" tests="7" name="Surefire test" time="39.872" errors="0" timestamp="2023-12-25T01:39:19 IST">
  <testcase classname="io.cucumber.testng.AbstractTestNGCucumberTests" name="runScenario" time="34.206">
    <failure type="java.lang.AssertionError" message="expected [20] but found [19]">
      <![CDATA[java.lang.AssertionError: expected [20] but found [19]
at pageObjects.OfferPage.clickPageSizeOptionsValidateRowsCounts(OfferPage.java:72)
at stepDefinition.OfferPageStepDefinition2.click_dropdown_and_see_results(OfferPageStepDefinition2.java:60)
at âœ½.user click on 20 in dropdown and able to see options in result(file:///C:/Users/Sankalp/eclipse-workspace/Cucumber_Framework/src/test/java/features/offersPageTabs.feature:9)
... Removed 7 stack frames]]>
    </failure>
  </testcase> <!-- runScenario -->
  <testcase classname="io.cucumber.testng.AbstractTestNGCucumberTests" name="runScenario" time="34.243"/>
  <testcase classname="io.cucumber.testng.AbstractTestNGCucumberTests" name="runScenario" time="34.571"/>
  <testcase classname="io.cucumber.testng.AbstractTestNGCucumberTests" name="runScenario" time="35.943"/>
  <testcase classname="io.cucumber.testng.AbstractTestNGCucumberTests" name="runScenario" time="36.535"/>
  <testcase classname="io.cucumber.testng.AbstractTestNGCucumberTests" name="runScenario" time="36.894"/>
  <testcase classname="io.cucumber.testng.AbstractTestNGCucumberTests" name="runScenario" time="37.195"/>
</testsuite> <!-- Surefire test -->
