<?xml version="1.0" encoding="UTF-8"?>
<!-- Generated by org.testng.reporters.JUnitXMLReporter -->
<testsuite ignored="0" hostname="LAPTOP-I2MVIV59" failures="1" tests="1" name="Default test" time="8.989" errors="0" timestamp="2023-12-21T14:39:24 IST">
  <testcase classname="io.cucumber.testng.AbstractTestNGCucumberTests" name="runScenario" time="7.953">
    <failure type="java.lang.AssertionError" message="expected [No data] but found [Cucumber]">
      <![CDATA[java.lang.AssertionError: expected [No data] but found [Cucumber]
at org.testng.Assert.fail(Assert.java:111)
at org.testng.Assert.failNotEquals(Assert.java:1578)
at org.testng.Assert.assertEqualsImpl(Assert.java:150)
at org.testng.Assert.assertEquals(Assert.java:132)
at org.testng.Assert.assertEquals(Assert.java:656)
at org.testng.Assert.assertEquals(Assert.java:666)
at stepDefinition.OfferPageStepDefinition2.compare_name_on_offerPage_LandingPage(OfferPageStepDefinition2.java:52)
at âœ½.validate product name in offer page matched with landing page(file:///C:/Users/Sankalp/eclipse-workspace/Cucumber_Framework/src/test/java/features/searchProduct.feature:9)
]]>
    </failure>
  </testcase> <!-- runScenario -->
</testsuite> <!-- Default test -->
