-------------------------------------------------------------------------------
Test set: TestSuite
-------------------------------------------------------------------------------
Tests run: 7, Failures: 1, Errors: 0, Skipped: 0, Time elapsed: 41.22 s <<< FAILURE! - in TestSuite
CucumberOptions.TestNGTestRunner.runScenario["Check offers page page size dropdown", "Offers page dropdown and discounted items scenarios"](1)  Time elapsed: 34.216 s  <<< FAILURE!
java.lang.AssertionError: expected [20] but found [19]

