<?xml version="1.0" encoding="UTF-8"?>
<!-- Generated by org.testng.reporters.JUnitReportReporter -->
<testsuite hostname="LAPTOP-I2MVIV59" failures="2" tests="7" name="CucumberOptions.TestNGTestRunner" time="213.369" errors="0" timestamp="2023-12-25T01:30:25 IST" skipped="0">
  <testcase classname="CucumberOptions.TestNGTestRunner" name="runScenario" time="30.483">
    <failure message="expected [20] but found [19]" type="java.lang.AssertionError">
      <![CDATA[java.lang.AssertionError: expected [20] but found [19]
at org.testng.Assert.fail(Assert.java:111)
at org.testng.Assert.failNotEquals(Assert.java:1578)
at org.testng.Assert.assertEqualsImpl(Assert.java:150)
at org.testng.Assert.assertEquals(Assert.java:132)
at org.testng.Assert.assertEquals(Assert.java:1419)
at org.testng.Assert.assertEquals(Assert.java:1383)
at org.testng.Assert.assertEquals(Assert.java:1429)
at pageObjects.OfferPage.clickPageSizeOptionsValidateRowsCounts(OfferPage.java:73)
at stepDefinition.OfferPageStepDefinition2.click_dropdown_and_see_results(OfferPageStepDefinition2.java:63)
at ✽.user click on 20 in dropdown and able to see options in result(file:///C:/Users/Sankalp/eclipse-workspace/Cucumber_Framework/src/test/java/features/offersPageTabs.feature:9)
]]>
    </failure>
  </testcase> <!-- runScenario -->
  <testcase classname="CucumberOptions.TestNGTestRunner" name="runScenario" time="31.956"/>
  <testcase classname="CucumberOptions.TestNGTestRunner" name="runScenario" time="29.924">
    <failure message="expected [No data] but found [Beetroot]" type="java.lang.AssertionError">
      <![CDATA[java.lang.AssertionError: expected [No data] but found [Beetroot]
at org.testng.Assert.fail(Assert.java:111)
at org.testng.Assert.failNotEquals(Assert.java:1578)
at org.testng.Assert.assertEqualsImpl(Assert.java:150)
at org.testng.Assert.assertEquals(Assert.java:132)
at org.testng.Assert.assertEquals(Assert.java:656)
at org.testng.Assert.assertEquals(Assert.java:666)
at stepDefinition.OfferPageStepDefinition2.compare_name_on_offerPage_LandingPage(OfferPageStepDefinition2.java:53)
at ✽.validate product name in offer page matched with landing page(file:///C:/Users/Sankalp/eclipse-workspace/Cucumber_Framework/src/test/java/features/searchProduct.feature:9)
]]>
    </failure>
  </testcase> <!-- runScenario -->
  <testcase classname="CucumberOptions.TestNGTestRunner" name="runScenario" time="29.266"/>
  <testcase classname="CucumberOptions.TestNGTestRunner" name="runScenario" time="29.217"/>
  <testcase classname="CucumberOptions.TestNGTestRunner" name="runScenario" time="29.659"/>
  <testcase classname="CucumberOptions.TestNGTestRunner" name="runScenario" time="32.864"/>
</testsuite> <!-- CucumberOptions.TestNGTestRunner -->
