<?xml version="1.0" encoding="UTF-8"?>
<!-- Generated by org.testng.reporters.JUnitReportReporter -->
<testsuite hostname="LAPTOP-I2MVIV59" failures="1" tests="7" name="CucumberOptions.TestNGTestRunner" time="249.587" errors="0" timestamp="2023-12-25T01:39:20 IST" skipped="0">
  <testcase classname="CucumberOptions.TestNGTestRunner" name="runScenario" time="34.206">
    <failure message="expected [20] but found [19]" type="java.lang.AssertionError">
      <![CDATA[java.lang.AssertionError: expected [20] but found [19]
at org.testng.Assert.fail(Assert.java:111)
at org.testng.Assert.failNotEquals(Assert.java:1578)
at org.testng.Assert.assertEqualsImpl(Assert.java:150)
at org.testng.Assert.assertEquals(Assert.java:132)
at org.testng.Assert.assertEquals(Assert.java:1419)
at org.testng.Assert.assertEquals(Assert.java:1383)
at org.testng.Assert.assertEquals(Assert.java:1429)
at pageObjects.OfferPage.clickPageSizeOptionsValidateRowsCounts(OfferPage.java:72)
at stepDefinition.OfferPageStepDefinition2.click_dropdown_and_see_results(OfferPageStepDefinition2.java:60)
at âœ½.user click on 20 in dropdown and able to see options in result(file:///C:/Users/Sankalp/eclipse-workspace/Cucumber_Framework/src/test/java/features/offersPageTabs.feature:9)
]]>
    </failure>
  </testcase> <!-- runScenario -->
  <testcase classname="CucumberOptions.TestNGTestRunner" name="runScenario" time="36.894"/>
  <testcase classname="CucumberOptions.TestNGTestRunner" name="runScenario" time="34.243"/>
  <testcase classname="CucumberOptions.TestNGTestRunner" name="runScenario" time="36.535"/>
  <testcase classname="CucumberOptions.TestNGTestRunner" name="runScenario" time="34.571"/>
  <testcase classname="CucumberOptions.TestNGTestRunner" name="runScenario" time="35.943"/>
  <testcase classname="CucumberOptions.TestNGTestRunner" name="runScenario" time="37.195"/>
</testsuite> <!-- CucumberOptions.TestNGTestRunner -->
